<?xml version="1.0" encoding="UTF-8"?>
<coverage generated="1583282287430" clover="3.2.0">
  <project timestamp="1583282287430" name="All files">
    <metrics statements="56" coveredstatements="53" conditionals="20" coveredconditionals="16" methods="13" coveredmethods="11" elements="89" coveredelements="80" complexity="0" loc="56" ncloc="56" packages="2" files="4" classes="4"/>
    <package name="ast">
      <metrics statements="21" coveredstatements="19" conditionals="4" coveredconditionals="2" methods="11" coveredmethods="9"/>
      <file name="index.js" path="/Users/jennaberlinberg/s2020/compiler/snekql/ast/index.js">
        <metrics statements="5" coveredstatements="4" conditionals="0" coveredconditionals="0" methods="4" coveredmethods="3"/>
        <line num="21" count="2" type="stmt"/>
        <line num="66" count="0" type="stmt"/>
        <line num="85" count="6" type="stmt"/>
        <line num="118" count="2" type="stmt"/>
        <line num="157" count="1" type="stmt"/>
      </file>
      <file name="parser.js" path="/Users/jennaberlinberg/s2020/compiler/snekql/ast/parser.js">
        <metrics statements="16" coveredstatements="15" conditionals="4" coveredconditionals="2" methods="7" coveredmethods="6"/>
        <line num="1" count="1" type="stmt"/>
        <line num="2" count="1" type="stmt"/>
        <line num="8" count="1" type="stmt"/>
        <line num="10" count="1" type="stmt"/>
        <line num="14" count="0" type="cond" truecount="0" falsecount="2"/>
        <line num="18" count="1" type="stmt"/>
        <line num="62" count="1" type="stmt"/>
        <line num="113" count="2" type="stmt"/>
        <line num="116" count="1" type="stmt"/>
        <line num="119" count="1" type="stmt"/>
        <line num="125" count="1" type="stmt"/>
        <line num="130" count="1" type="stmt"/>
        <line num="131" count="3" type="stmt"/>
        <line num="132" count="3" type="cond" truecount="2" falsecount="0"/>
        <line num="133" count="1" type="stmt"/>
        <line num="135" count="2" type="stmt"/>
      </file>
    </package>
    <package name="grammar">
      <metrics statements="35" coveredstatements="34" conditionals="16" coveredconditionals="14" methods="2" coveredmethods="2"/>
      <file name="preparser.js" path="/Users/jennaberlinberg/s2020/compiler/snekql/grammar/preparser.js">
        <metrics statements="26" coveredstatements="25" conditionals="16" coveredconditionals="14" methods="1" coveredmethods="1"/>
        <line num="15" count="16" type="stmt"/>
        <line num="16" count="16" type="stmt"/>
        <line num="17" count="16" type="cond" truecount="2" falsecount="0"/>
        <line num="18" count="16" type="stmt"/>
        <line num="19" count="16" type="stmt"/>
        <line num="20" count="79" type="stmt"/>
        <line num="21" count="79" type="cond" truecount="2" falsecount="0"/>
        <line num="23" count="12" type="stmt"/>
        <line num="24" count="67" type="cond" truecount="1" falsecount="1"/>
        <line num="26" count="0" type="stmt"/>
        <line num="27" count="67" type="cond" truecount="2" falsecount="0"/>
        <line num="29" count="46" type="stmt"/>
        <line num="30" count="21" type="cond" truecount="2" falsecount="0"/>
        <line num="32" count="14" type="stmt"/>
        <line num="33" count="14" type="stmt"/>
        <line num="36" count="7" type="stmt"/>
        <line num="37" count="7" type="stmt"/>
        <line num="38" count="7" type="cond" truecount="2" falsecount="0"/>
        <line num="39" count="1" type="stmt"/>
        <line num="40" count="6" type="cond" truecount="1" falsecount="1"/>
        <line num="41" count="6" type="stmt"/>
        <line num="42" count="6" type="stmt"/>
        <line num="48" count="15" type="cond" truecount="2" falsecount="0"/>
        <line num="49" count="6" type="stmt"/>
        <line num="51" count="15" type="stmt"/>
        <line num="54" count="2" type="stmt"/>
      </file>
      <file name="syntax-checker.js" path="/Users/jennaberlinberg/s2020/compiler/snekql/grammar/syntax-checker.js">
        <metrics statements="9" coveredstatements="9" conditionals="0" coveredconditionals="0" methods="1" coveredmethods="1"/>
        <line num="1" count="2" type="stmt"/>
        <line num="2" count="2" type="stmt"/>
        <line num="3" count="2" type="stmt"/>
        <line num="5" count="2" type="stmt"/>
        <line num="7" count="2" type="stmt"/>
        <line num="8" count="16" type="stmt"/>
        <line num="9" count="16" type="stmt"/>
        <line num="10" count="15" type="stmt"/>
        <line num="12" count="1" type="stmt"/>
      </file>
    </package>
  </project>
</coverage>
