{"/Users/jennaberlinberg/s2020/compiler/snekql/ast/index.js": {"path":"/Users/jennaberlinberg/s2020/compiler/snekql/ast/index.js","statementMap":{"0":{"start":{"line":21,"column":4},"end":{"line":21,"column":45}},"1":{"start":{"line":66,"column":4},"end":{"line":66,"column":33}},"2":{"start":{"line":85,"column":4},"end":{"line":85,"column":35}},"3":{"start":{"line":118,"column":4},"end":{"line":118,"column":38}},"4":{"start":{"line":157,"column":0},"end":{"line":162,"column":2}}},"fnMap":{"0":{"name":"(anonymous_0)","decl":{"start":{"line":20,"column":2},"end":{"line":20,"column":3}},"loc":{"start":{"line":20,"column":31},"end":{"line":22,"column":3}},"line":20},"1":{"name":"(anonymous_1)","decl":{"start":{"line":65,"column":2},"end":{"line":65,"column":3}},"loc":{"start":{"line":65,"column":19},"end":{"line":67,"column":3}},"line":65},"2":{"name":"(anonymous_2)","decl":{"start":{"line":84,"column":2},"end":{"line":84,"column":3}},"loc":{"start":{"line":84,"column":21},"end":{"line":86,"column":3}},"line":84},"3":{"name":"(anonymous_3)","decl":{"start":{"line":117,"column":2},"end":{"line":117,"column":3}},"loc":{"start":{"line":117,"column":25},"end":{"line":119,"column":3}},"line":117}},"branchMap":{},"s":{"0":2,"1":0,"2":6,"3":2,"4":1},"f":{"0":2,"1":0,"2":6,"3":2},"b":{},"_coverageSchema":"1a1c01bbd47fc00a2c39e90264f33305004495a9","hash":"f40661923ddd02a3fcebfdc808bf099111ff4bd4"}
,"/Users/jennaberlinberg/s2020/compiler/snekql/ast/parser.js": {"path":"/Users/jennaberlinberg/s2020/compiler/snekql/ast/parser.js","statementMap":{"0":{"start":{"line":1,"column":11},"end":{"line":1,"column":24}},"1":{"start":{"line":2,"column":12},"end":{"line":2,"column":29}},"2":{"start":{"line":8,"column":4},"end":{"line":8,"column":22}},"3":{"start":{"line":10,"column":16},"end":{"line":10,"column":66}},"4":{"start":{"line":14,"column":2},"end":{"line":14,"column":38}},"5":{"start":{"line":18,"column":21},"end":{"line":127,"column":2}},"6":{"start":{"line":62,"column":4},"end":{"line":62,"column":60}},"7":{"start":{"line":113,"column":4},"end":{"line":113,"column":43}},"8":{"start":{"line":116,"column":4},"end":{"line":116,"column":39}},"9":{"start":{"line":119,"column":4},"end":{"line":119,"column":55}},"10":{"start":{"line":125,"column":4},"end":{"line":125,"column":29}},"11":{"start":{"line":130,"column":0},"end":{"line":136,"column":2}},"12":{"start":{"line":131,"column":16},"end":{"line":131,"column":35}},"13":{"start":{"line":132,"column":2},"end":{"line":134,"column":3}},"14":{"start":{"line":133,"column":4},"end":{"line":133,"column":54}},"15":{"start":{"line":135,"column":2},"end":{"line":135,"column":35}}},"fnMap":{"0":{"name":"arrayToNullable","decl":{"start":{"line":13,"column":9},"end":{"line":13,"column":24}},"loc":{"start":{"line":13,"column":28},"end":{"line":15,"column":1}},"line":13},"1":{"name":"(anonymous_1)","decl":{"start":{"line":61,"column":2},"end":{"line":61,"column":3}},"loc":{"start":{"line":61,"column":31},"end":{"line":63,"column":3}},"line":61},"2":{"name":"(anonymous_2)","decl":{"start":{"line":112,"column":2},"end":{"line":112,"column":3}},"loc":{"start":{"line":112,"column":31},"end":{"line":114,"column":3}},"line":112},"3":{"name":"(anonymous_3)","decl":{"start":{"line":115,"column":2},"end":{"line":115,"column":3}},"loc":{"start":{"line":115,"column":34},"end":{"line":117,"column":3}},"line":115},"4":{"name":"(anonymous_4)","decl":{"start":{"line":118,"column":2},"end":{"line":118,"column":3}},"loc":{"start":{"line":118,"column":41},"end":{"line":120,"column":3}},"line":118},"5":{"name":"(anonymous_5)","decl":{"start":{"line":124,"column":2},"end":{"line":124,"column":3}},"loc":{"start":{"line":124,"column":14},"end":{"line":126,"column":3}},"line":124},"6":{"name":"(anonymous_6)","decl":{"start":{"line":130,"column":17},"end":{"line":130,"column":18}},"loc":{"start":{"line":130,"column":27},"end":{"line":136,"column":1}},"line":130}},"branchMap":{"0":{"loc":{"start":{"line":14,"column":9},"end":{"line":14,"column":37}},"type":"cond-expr","locations":[{"start":{"line":14,"column":26},"end":{"line":14,"column":30}},{"start":{"line":14,"column":33},"end":{"line":14,"column":37}}],"line":14},"1":{"loc":{"start":{"line":132,"column":2},"end":{"line":134,"column":3}},"type":"if","locations":[{"start":{"line":132,"column":2},"end":{"line":134,"column":3}},{"start":{"line":132,"column":2},"end":{"line":134,"column":3}}],"line":132}},"s":{"0":1,"1":1,"2":1,"3":1,"4":0,"5":1,"6":1,"7":2,"8":1,"9":1,"10":1,"11":1,"12":3,"13":3,"14":1,"15":2},"f":{"0":0,"1":1,"2":2,"3":1,"4":1,"5":1,"6":3},"b":{"0":[0,0],"1":[1,2]},"_coverageSchema":"1a1c01bbd47fc00a2c39e90264f33305004495a9","hash":"dca093662d9e9fe0e5de88061592a1e384850459"}
,"/Users/jennaberlinberg/s2020/compiler/snekql/grammar/preparser.js": {"path":"/Users/jennaberlinberg/s2020/compiler/snekql/grammar/preparser.js","statementMap":{"0":{"start":{"line":15,"column":15},"end":{"line":15,"column":17}},"1":{"start":{"line":16,"column":16},"end":{"line":16,"column":19}},"2":{"start":{"line":17,"column":15},"end":{"line":17,"column":61}},"3":{"start":{"line":18,"column":22},"end":{"line":18,"column":39}},"4":{"start":{"line":19,"column":2},"end":{"line":46,"column":3}},"5":{"start":{"line":19,"column":19},"end":{"line":19,"column":41}},"6":{"start":{"line":20,"column":30},"end":{"line":20,"column":57}},"7":{"start":{"line":21,"column":4},"end":{"line":45,"column":5}},"8":{"start":{"line":23,"column":6},"end":{"line":23,"column":24}},"9":{"start":{"line":24,"column":11},"end":{"line":45,"column":5}},"10":{"start":{"line":26,"column":6},"end":{"line":26,"column":98}},"11":{"start":{"line":27,"column":11},"end":{"line":45,"column":5}},"12":{"start":{"line":29,"column":6},"end":{"line":29,"column":24}},"13":{"start":{"line":30,"column":11},"end":{"line":45,"column":5}},"14":{"start":{"line":32,"column":6},"end":{"line":32,"column":25}},"15":{"start":{"line":33,"column":6},"end":{"line":33,"column":35}},"16":{"start":{"line":36,"column":6},"end":{"line":44,"column":7}},"17":{"start":{"line":36,"column":25},"end":{"line":36,"column":26}},"18":{"start":{"line":37,"column":22},"end":{"line":37,"column":58}},"19":{"start":{"line":38,"column":8},"end":{"line":43,"column":9}},"20":{"start":{"line":39,"column":10},"end":{"line":39,"column":42}},"21":{"start":{"line":40,"column":15},"end":{"line":43,"column":9}},"22":{"start":{"line":41,"column":10},"end":{"line":41,"column":55}},"23":{"start":{"line":42,"column":10},"end":{"line":42,"column":16}},"24":{"start":{"line":48,"column":2},"end":{"line":50,"column":3}},"25":{"start":{"line":49,"column":4},"end":{"line":49,"column":50}},"26":{"start":{"line":51,"column":2},"end":{"line":51,"column":16}},"27":{"start":{"line":54,"column":0},"end":{"line":54,"column":43}}},"fnMap":{"0":{"name":"withIndentsAndDedents","decl":{"start":{"line":14,"column":9},"end":{"line":14,"column":30}},"loc":{"start":{"line":14,"column":39},"end":{"line":52,"column":1}},"line":14}},"branchMap":{"0":{"loc":{"start":{"line":17,"column":15},"end":{"line":17,"column":61}},"type":"cond-expr","locations":[{"start":{"line":17,"column":39},"end":{"line":17,"column":45}},{"start":{"line":17,"column":48},"end":{"line":17,"column":61}}],"line":17},"1":{"loc":{"start":{"line":21,"column":4},"end":{"line":45,"column":5}},"type":"if","locations":[{"start":{"line":21,"column":4},"end":{"line":45,"column":5}},{"start":{"line":21,"column":4},"end":{"line":45,"column":5}}],"line":21},"2":{"loc":{"start":{"line":24,"column":11},"end":{"line":45,"column":5}},"type":"if","locations":[{"start":{"line":24,"column":11},"end":{"line":45,"column":5}},{"start":{"line":24,"column":11},"end":{"line":45,"column":5}}],"line":24},"3":{"loc":{"start":{"line":27,"column":11},"end":{"line":45,"column":5}},"type":"if","locations":[{"start":{"line":27,"column":11},"end":{"line":45,"column":5}},{"start":{"line":27,"column":11},"end":{"line":45,"column":5}}],"line":27},"4":{"loc":{"start":{"line":30,"column":11},"end":{"line":45,"column":5}},"type":"if","locations":[{"start":{"line":30,"column":11},"end":{"line":45,"column":5}},{"start":{"line":30,"column":11},"end":{"line":45,"column":5}}],"line":30},"5":{"loc":{"start":{"line":38,"column":8},"end":{"line":43,"column":9}},"type":"if","locations":[{"start":{"line":38,"column":8},"end":{"line":43,"column":9}},{"start":{"line":38,"column":8},"end":{"line":43,"column":9}}],"line":38},"6":{"loc":{"start":{"line":40,"column":15},"end":{"line":43,"column":9}},"type":"if","locations":[{"start":{"line":40,"column":15},"end":{"line":43,"column":9}},{"start":{"line":40,"column":15},"end":{"line":43,"column":9}}],"line":40},"7":{"loc":{"start":{"line":48,"column":2},"end":{"line":50,"column":3}},"type":"if","locations":[{"start":{"line":48,"column":2},"end":{"line":50,"column":3}},{"start":{"line":48,"column":2},"end":{"line":50,"column":3}}],"line":48}},"s":{"0":16,"1":16,"2":16,"3":16,"4":16,"5":16,"6":79,"7":79,"8":12,"9":67,"10":0,"11":67,"12":46,"13":21,"14":14,"15":14,"16":7,"17":7,"18":7,"19":7,"20":1,"21":6,"22":6,"23":6,"24":15,"25":6,"26":15,"27":2},"f":{"0":16},"b":{"0":[10,6],"1":[12,67],"2":[0,67],"3":[46,21],"4":[14,7],"5":[1,6],"6":[6,0],"7":[6,9]},"_coverageSchema":"1a1c01bbd47fc00a2c39e90264f33305004495a9","hash":"d484d5775d86b161bdf8b488fa5956654dd5b0ed"}
,"/Users/jennaberlinberg/s2020/compiler/snekql/grammar/syntax-checker.js": {"path":"/Users/jennaberlinberg/s2020/compiler/snekql/grammar/syntax-checker.js","statementMap":{"0":{"start":{"line":1,"column":11},"end":{"line":1,"column":24}},"1":{"start":{"line":2,"column":12},"end":{"line":2,"column":29}},"2":{"start":{"line":3,"column":34},"end":{"line":3,"column":56}},"3":{"start":{"line":5,"column":16},"end":{"line":5,"column":66}},"4":{"start":{"line":7,"column":0},"end":{"line":14,"column":2}},"5":{"start":{"line":8,"column":2},"end":{"line":13,"column":3}},"6":{"start":{"line":9,"column":22},"end":{"line":9,"column":49}},"7":{"start":{"line":10,"column":4},"end":{"line":10,"column":48}},"8":{"start":{"line":12,"column":4},"end":{"line":12,"column":17}}},"fnMap":{"0":{"name":"(anonymous_0)","decl":{"start":{"line":7,"column":17},"end":{"line":7,"column":18}},"loc":{"start":{"line":7,"column":25},"end":{"line":14,"column":1}},"line":7}},"branchMap":{},"s":{"0":2,"1":2,"2":2,"3":2,"4":2,"5":16,"6":16,"7":15,"8":1},"f":{"0":16},"b":{},"_coverageSchema":"1a1c01bbd47fc00a2c39e90264f33305004495a9","hash":"5b6d6a4a30ea4cce8e5831e40d46bacbde56da38"}
}
