TN:
SF:ast/index.js
FN:20,(anonymous_0)
FN:65,(anonymous_1)
FN:84,(anonymous_2)
FN:117,(anonymous_3)
FNF:4
FNH:3
FNDA:2,(anonymous_0)
FNDA:0,(anonymous_1)
FNDA:6,(anonymous_2)
FNDA:2,(anonymous_3)
DA:21,2
DA:66,0
DA:85,6
DA:118,2
DA:157,1
LF:5
LH:4
BRF:0
BRH:0
end_of_record
TN:
SF:ast/parser.js
FN:13,arrayToNullable
FN:61,(anonymous_1)
FN:112,(anonymous_2)
FN:115,(anonymous_3)
FN:118,(anonymous_4)
FN:124,(anonymous_5)
FN:130,(anonymous_6)
FNF:7
FNH:6
FNDA:0,arrayToNullable
FNDA:1,(anonymous_1)
FNDA:2,(anonymous_2)
FNDA:1,(anonymous_3)
FNDA:1,(anonymous_4)
FNDA:1,(anonymous_5)
FNDA:3,(anonymous_6)
DA:1,1
DA:2,1
DA:8,1
DA:10,1
DA:14,0
DA:18,1
DA:62,1
DA:113,2
DA:116,1
DA:119,1
DA:125,1
DA:130,1
DA:131,3
DA:132,3
DA:133,1
DA:135,2
LF:16
LH:15
BRDA:14,0,0,0
BRDA:14,0,1,0
BRDA:132,1,0,1
BRDA:132,1,1,2
BRF:4
BRH:2
end_of_record
TN:
SF:grammar/preparser.js
FN:14,withIndentsAndDedents
FNF:1
FNH:1
FNDA:16,withIndentsAndDedents
DA:15,16
DA:16,16
DA:17,16
DA:18,16
DA:19,16
DA:20,79
DA:21,79
DA:23,12
DA:24,67
DA:26,0
DA:27,67
DA:29,46
DA:30,21
DA:32,14
DA:33,14
DA:36,7
DA:37,7
DA:38,7
DA:39,1
DA:40,6
DA:41,6
DA:42,6
DA:48,15
DA:49,6
DA:51,15
DA:54,2
LF:26
LH:25
BRDA:17,0,0,10
BRDA:17,0,1,6
BRDA:21,1,0,12
BRDA:21,1,1,67
BRDA:24,2,0,0
BRDA:24,2,1,67
BRDA:27,3,0,46
BRDA:27,3,1,21
BRDA:30,4,0,14
BRDA:30,4,1,7
BRDA:38,5,0,1
BRDA:38,5,1,6
BRDA:40,6,0,6
BRDA:40,6,1,0
BRDA:48,7,0,6
BRDA:48,7,1,9
BRF:16
BRH:14
end_of_record
TN:
SF:grammar/syntax-checker.js
FN:7,(anonymous_0)
FNF:1
FNH:1
FNDA:16,(anonymous_0)
DA:1,2
DA:2,2
DA:3,2
DA:5,2
DA:7,2
DA:8,16
DA:9,16
DA:10,15
DA:12,1
LF:9
LH:9
BRF:0
BRH:0
end_of_record
